<?xml version="1.0" encoding="UTF-8"?>
<testng-results skipped="0" failed="0" total="1" passed="1">
  <reporter-output>
  </reporter-output>
  <suite name="Default suite" duration-ms="13559" started-at="2018-12-27T10:54:41Z" finished-at="2018-12-27T10:54:55Z">
    <groups>
    </groups>
    <test name="Default test" duration-ms="13559" started-at="2018-12-27T10:54:41Z" finished-at="2018-12-27T10:54:55Z">
      <class name="git.Git_Testing">
        <test-method status="PASS" signature="beforeTest()" name="beforeTest" is-config="true" duration-ms="9709" started-at="2018-12-27T10:54:41Z" finished-at="2018-12-27T10:54:51Z">
        </test-method>
        <test-method status="PASS" signature="f()" name="f" duration-ms="3840" started-at="2018-12-27T10:54:51Z" finished-at="2018-12-27T10:54:55Z">
        </test-method>
        <test-method status="PASS" signature="afterTest()" name="afterTest" is-config="true" duration-ms="0" started-at="2018-12-27T10:54:55Z" finished-at="2018-12-27T10:54:55Z">
        </test-method>
      </class>
    </test>
  </suite>
</testng-results>
